<?xml version="1.0" encoding="UTF-8"?>
<!-- Generated by org.testng.reporters.JUnitReportReporter -->
<testsuite hostname="DESKTOP-O85G55F" failures="0" tests="1" name="Assertions.SoftAsts" time="6.041" errors="0" timestamp="2025-02-25T10:00:52 IST" skipped="0">
  <testcase classname="Assertions.SoftAsts" name="St" time="6.041"/>
  <system-out/>
</testsuite> <!-- Assertions.SoftAsts -->
