<?xml version="1.0" encoding="UTF-8"?>
<!-- Generated by org.testng.reporters.JUnitReportReporter -->
<testsuite hostname="DESKTOP-O85G55F" failures="0" tests="1" name="UsingListeners.ListenersScenario" time="0.024" errors="0" timestamp="2025-02-26T09:14:49 IST" skipped="0">
  <testcase classname="UsingListeners.ListenersScenario" name="ls" time="0.024"/>
  <system-out/>
</testsuite> <!-- UsingListeners.ListenersScenario -->
