<?xml version="1.0" encoding="UTF-8"?>
<!-- Generated by org.testng.reporters.JUnitReportReporter -->
<testsuite hostname="DESKTOP-O85G55F" failures="0" tests="2" name="Annotations.Scenario" time="0.019" errors="0" timestamp="2025-02-24T09:44:28 IST" skipped="0">
  <testcase classname="Annotations.Scenario" name="TS" time="0.014"/>
  <testcase classname="Annotations.Scenario" name="TS2" time="0.005"/>
</testsuite> <!-- Annotations.Scenario -->
