<?xml version="1.0" encoding="UTF-8"?>
<!-- Generated by org.testng.reporters.JUnitReportReporter -->
<testsuite hostname="DESKTOP-O85G55F" failures="0" tests="2" name="testNg.Flipkart" time="55.744" errors="0" timestamp="2025-02-21T10:10:18 IST" skipped="0">
  <testcase classname="testNg.Flipkart" name="launchflipkart" time="36.246"/>
  <testcase classname="testNg.Flipkart" name="launchflipkart" time="19.498"/>
  <system-out>
    <![CDATA[Test Started guava
Test Started guava
Test Started guava
Test Started guava
Test Started guava
Test Started apple
Test Started apple
Test Started orange
Test Started orange
Test Started guava
Test Started guava
Test Started guava
Test Started guava
Test Started guava
Test Started apple
Test Started apple
Test Started orange
Test Started orange]]>
  </system-out>
</testsuite> <!-- testNg.Flipkart -->
