<?xml version="1.0" encoding="UTF-8"?>
<!-- Generated by org.testng.reporters.JUnitReportReporter -->
<testsuite hostname="DESKTOP-O85G55F" failures="0" tests="1" name="Assertions.HardAssert" time="5.464" errors="0" timestamp="2025-02-25T09:33:34 IST" skipped="0">
  <testcase classname="Assertions.HardAssert" name="hA" time="5.464"/>
</testsuite> <!-- Assertions.HardAssert -->
