<?xml version="1.0" encoding="UTF-8"?>
<!-- Generated by org.testng.reporters.JUnitReportReporter -->
<testsuite hostname="DESKTOP-O85G55F" failures="0" tests="6" name="testNg.ByUsingPriorityFlag" time="0.023" errors="0" timestamp="2025-02-21T10:10:18 IST" skipped="0">
  <testcase classname="testNg.ByUsingPriorityFlag" name="guava" time="0.002">
    <system-out>
      <![CDATA[Test Started guava]]>
    </system-out>
  </testcase> <!-- guava -->
  <testcase classname="testNg.ByUsingPriorityFlag" name="guava" time="0.011">
    <system-out>
      <![CDATA[Test Started guava]]>
    </system-out>
  </testcase> <!-- guava -->
  <testcase classname="testNg.ByUsingPriorityFlag" name="apple" time="0.002">
    <system-out>
      <![CDATA[Test Started apple]]>
    </system-out>
  </testcase> <!-- apple -->
  <testcase classname="testNg.ByUsingPriorityFlag" name="apple" time="0.003">
    <system-out>
      <![CDATA[Test Started apple]]>
    </system-out>
  </testcase> <!-- apple -->
  <testcase classname="testNg.ByUsingPriorityFlag" name="orange" time="0.002">
    <system-out>
      <![CDATA[Test Started orange]]>
    </system-out>
  </testcase> <!-- orange -->
  <testcase classname="testNg.ByUsingPriorityFlag" name="orange" time="0.003">
    <system-out>
      <![CDATA[Test Started orange]]>
    </system-out>
  </testcase> <!-- orange -->
  <system-out>
    <![CDATA[Test Started guava
Test Started guava
Test Started guava
Test Started guava
Test Started guava
Test Started apple
Test Started apple
Test Started orange
Test Started orange
Test Started guava
Test Started guava
Test Started guava
Test Started guava
Test Started guava
Test Started apple
Test Started apple
Test Started orange
Test Started orange]]>
  </system-out>
</testsuite> <!-- testNg.ByUsingPriorityFlag -->
